<?xml version="1.0" encoding="UTF-8"?>
<testsuite name="SampleTest" tests="1" skipped="0" failures="0" errors="0" timestamp="2021-03-17T14:04:29" hostname="DESKTOP-6DJN50P" time="0.01">
  <properties/>
  <testcase name="testPrintMessage" classname="SampleTest" time="0.01"/>
  <system-out><![CDATA[Hello World
]]></system-out>
  <system-err><![CDATA[]]></system-err>
</testsuite>
